[Bot0] Starting instance!
[Bot0] Attempting to connect to server!
[Bot0] Successfully connected to server!
[Bot0] Set health to 20.0
Finished Loading Chunk at X : 240 Z : 192
Finished Loading Chunk at X : 240 Z : 176
Finished Loading Chunk at X : 256 Z : 192
Finished Loading Chunk at X : 240 Z : 208
Finished Loading Chunk at X : 224 Z : 192
Finished Loading Chunk at X : 256 Z : 208
Finished Loading Chunk at X : 208 Z : 192
Finished Loading Chunk at X : 240 Z : 224
Finished Loading Chunk at X : 224 Z : 176
Finished Loading Chunk at X : 272 Z : 192
Finished Loading Chunk at X : 240 Z : 160
Finished Loading Chunk at X : 256 Z : 176
Finished Loading Chunk at X : 224 Z : 208
Finished Loading Chunk at X : 240 Z : 240
Finished Loading Chunk at X : 288 Z : 192
Finished Loading Chunk at X : 208 Z : 176
Finished Loading Chunk at X : 208 Z : 208
Finished Loading Chunk at X : 224 Z : 160
Finished Loading Chunk at X : 272 Z : 208
Finished Loading Chunk at X : 256 Z : 224
Finished Loading Chunk at X : 224 Z : 224
Finished Loading Chunk at X : 240 Z : 144
Finished Loading Chunk at X : 256 Z : 160
Finished Loading Chunk at X : 192 Z : 192
Finished Loading Chunk at X : 272 Z : 176
Finished Loading Chunk at X : 176 Z : 192
Finished Loading Chunk at X : 208 Z : 224
Finished Loading Chunk at X : 304 Z : 192
Finished Loading Chunk at X : 208 Z : 160
Finished Loading Chunk at X : 240 Z : 128
Finished Loading Chunk at X : 192 Z : 176
Finished Loading Chunk at X : 192 Z : 208
Finished Loading Chunk at X : 288 Z : 208
Finished Loading Chunk at X : 272 Z : 160
Finished Loading Chunk at X : 272 Z : 224
Finished Loading Chunk at X : 288 Z : 176
Finished Loading Chunk at X : 256 Z : 144
Finished Loading Chunk at X : 224 Z : 144
Finished Loading Chunk at X : 224 Z : 240
Finished Loading Chunk at X : 256 Z : 240
Finished Loading Chunk at X : 240 Z : 256
Finished Loading Chunk at X : 272 Z : 144
Finished Loading Chunk at X : 160 Z : 192
Finished Loading Chunk at X : 288 Z : 160
Finished Loading Chunk at X : 192 Z : 160
Finished Loading Chunk at X : 192 Z : 224
Finished Loading Chunk at X : 224 Z : 128
Finished Loading Chunk at X : 256 Z : 256
Finished Loading Chunk at X : 288 Z : 224
Finished Loading Chunk at X : 304 Z : 208
Finished Loading Chunk at X : 224 Z : 256
Finished Loading Chunk at X : 208 Z : 240
Finished Loading Chunk at X : 272 Z : 240
Finished Loading Chunk at X : 304 Z : 176
Finished Loading Chunk at X : 176 Z : 176
Finished Loading Chunk at X : 176 Z : 208
Finished Loading Chunk at X : 208 Z : 144
Finished Loading Chunk at X : 256 Z : 128
Finished Loading Chunk at X : 240 Z : 272
Finished Loading Chunk at X : 320 Z : 192
Finished Loading Chunk at X : 240 Z : 112
Finished Loading Chunk at X : 256 Z : 112
Finished Loading Chunk at X : 288 Z : 144
Finished Loading Chunk at X : 192 Z : 240
Finished Loading Chunk at X : 336 Z : 192
Finished Loading Chunk at X : 224 Z : 112
Finished Loading Chunk at X : 144 Z : 192
Finished Loading Chunk at X : 320 Z : 176
Finished Loading Chunk at X : 288 Z : 240
Finished Loading Chunk at X : 176 Z : 160
Finished Loading Chunk at X : 304 Z : 224
Finished Loading Chunk at X : 160 Z : 176
Finished Loading Chunk at X : 176 Z : 224
Finished Loading Chunk at X : 304 Z : 160
Finished Loading Chunk at X : 256 Z : 272
Finished Loading Chunk at X : 192 Z : 144
Finished Loading Chunk at X : 272 Z : 128
Finished Loading Chunk at X : 208 Z : 128
Finished Loading Chunk at X : 208 Z : 256
Finished Loading Chunk at X : 272 Z : 256
Finished Loading Chunk at X : 240 Z : 288
Finished Loading Chunk at X : 224 Z : 272
Finished Loading Chunk at X : 240 Z : 96
Finished Loading Chunk at X : 160 Z : 208
Finished Loading Chunk at X : 320 Z : 208
Finished Loading Chunk at X : 192 Z : 256
Finished Loading Chunk at X : 320 Z : 160
Finished Loading Chunk at X : 256 Z : 288
Finished Loading Chunk at X : 224 Z : 288
Finished Loading Chunk at X : 224 Z : 96
Finished Loading Chunk at X : 288 Z : 256
Finished Loading Chunk at X : 208 Z : 112
Finished Loading Chunk at X : 192 Z : 128
Finished Loading Chunk at X : 288 Z : 128
Finished Loading Chunk at X : 256 Z : 96
Finished Loading Chunk at X : 176 Z : 240
Finished Loading Chunk at X : 352 Z : 192
Finished Loading Chunk at X : 240 Z : 80
Finished Loading Chunk at X : 240 Z : 304
Finished Loading Chunk at X : 304 Z : 240
Finished Loading Chunk at X : 208 Z : 272
Finished Loading Chunk at X : 128 Z : 192
Finished Loading Chunk at X : 144 Z : 208
Finished Loading Chunk at X : 336 Z : 208
Finished Loading Chunk at X : 272 Z : 272
Finished Loading Chunk at X : 272 Z : 112
Finished Loading Chunk at X : 144 Z : 176
Finished Loading Chunk at X : 304 Z : 144
Finished Loading Chunk at X : 160 Z : 160
Finished Loading Chunk at X : 160 Z : 224
Finished Loading Chunk at X : 176 Z : 144
Finished Loading Chunk at X : 320 Z : 224
Finished Loading Chunk at X : 336 Z : 176
Finished Loading Chunk at X : 176 Z : 256
Finished Loading Chunk at X : 288 Z : 112
Finished Loading Chunk at X : 224 Z : 80
Finished Loading Chunk at X : 352 Z : 176
Finished Loading Chunk at X : 160 Z : 240
Finished Loading Chunk at X : 256 Z : 80
Finished Loading Chunk at X : 352 Z : 208
Finished Loading Chunk at X : 272 Z : 96
Finished Loading Chunk at X : 128 Z : 176
Finished Loading Chunk at X : 208 Z : 96
Finished Loading Chunk at X : 128 Z : 208
Finished Loading Chunk at X : 304 Z : 256
Finished Loading Chunk at X : 336 Z : 224
